<?xml version="1.0" encoding="UTF-8"?>
<testng-results ignored="0" total="1" passed="1" failed="0" skipped="0">
  <reporter-output>
  </reporter-output>
  <suite started-at="2024-10-17T14:53:25 MST" name="Default suite" finished-at="2024-10-17T14:53:31 MST" duration-ms="5416">
    <groups>
    </groups>
    <test started-at="2024-10-17T14:53:25 MST" name="Default test" finished-at="2024-10-17T14:53:31 MST" duration-ms="5416">
      <class name="qa.testcases.LeavePageTest">
        <test-method is-config="true" signature="setup()[pri:0, instance:qa.testcases.LeavePageTest@6e9175d8]" started-at="2024-10-17T14:53:25 MST" name="setup" finished-at="2024-10-17T14:53:30 MST" duration-ms="4855" status="PASS">
          <reporter-output>
          </reporter-output>
        </test-method> <!-- setup -->
        <test-method signature="verifyHeadingOnLeavePage()[pri:1, instance:qa.testcases.LeavePageTest@6e9175d8]" started-at="2024-10-17T14:53:30 MST" name="verifyHeadingOnLeavePage" finished-at="2024-10-17T14:53:30 MST" duration-ms="287" status="PASS">
          <reporter-output>
          </reporter-output>
        </test-method> <!-- verifyHeadingOnLeavePage -->
        <test-method is-config="true" signature="tearDown()[pri:0, instance:qa.testcases.LeavePageTest@6e9175d8]" started-at="2024-10-17T14:53:30 MST" name="tearDown" finished-at="2024-10-17T14:53:31 MST" duration-ms="230" status="PASS">
          <reporter-output>
          </reporter-output>
        </test-method> <!-- tearDown -->
      </class> <!-- qa.testcases.LeavePageTest -->
    </test> <!-- Default test -->
  </suite> <!-- Default suite -->
</testng-results>
